# JRE version: OpenJDK Runtime Environment (8.0_152-b01) (build 1.8.0_152-release-1248-b01)
# Java VM: OpenJDK 64-Bit Server VM (25.152-b01 mixed mode windows-amd64 compressed oops)
Heap:
 PSYoungGen      total 27648K, used 5276K [0x00000000e0000000, 0x00000000e1f80000, 0x0000000100000000)
  eden space 23040K, 9% used [0x00000000e0000000,0x00000000e0221a98,0x00000000e1680000)
  from space 4608K, 67% used [0x00000000e1b00000,0x00000000e1e057a8,0x00000000e1f80000)
  to   space 4608K, 0% used [0x00000000e1680000,0x00000000e1680000,0x00000000e1b00000)
 ParOldGen       total 31744K, used 4384K [0x00000000a0000000, 0x00000000a1f00000, 0x00000000e0000000)
  object space 31744K, 13% used [0x00000000a0000000,0x00000000a04482e8,0x00000000a1f00000)
 Metaspace       used 13695K, capacity 14118K, committed 14464K, reserved 1060864K
  class space    used 1928K, capacity 2065K, committed 2176K, reserved 1048576K
GC Heap History (10 events):
Event: 1.564 GC heap before
{Heap before GC invocations=3 (full 0):
 PSYoungGen      total 18944K, used 18921K [0x00000000e0000000, 0x00000000e1500000, 0x0000000100000000)
  eden space 16384K, 100% used [0x00000000e0000000,0x00000000e1000000,0x00000000e1000000)
  from space 2560K, 99% used [0x00000000e1280000,0x00000000e14fa630,0x00000000e1500000)
  to   space 2560K, 0% used [0x00000000e1000000,0x00000000e1000000,0x00000000e1280000)
 ParOldGen       total 44032K, used 1006K [0x00000000a0000000, 0x00000000a2b00000, 0x00000000e0000000)
  object space 44032K, 2% used [0x00000000a0000000,0x00000000a00fb840,0x00000000a2b00000)
 Metaspace       used 7086K, capacity 7284K, committed 7424K, reserved 1056768K
  class space    used 874K, capacity 920K, committed 1024K, reserved 1048576K
Event: 1.569 GC heap after
Heap after GC invocations=3 (full 0):
 PSYoungGen      total 18944K, used 2537K [0x00000000e0000000, 0x00000000e1500000, 0x0000000100000000)
  eden space 16384K, 0% used [0x00000000e0000000,0x00000000e0000000,0x00000000e1000000)
  from space 2560K, 99% used [0x00000000e1000000,0x00000000e127a610,0x00000000e1280000)
  to   space 2560K, 0% used [0x00000000e1280000,0x00000000e1280000,0x00000000e1500000)
 ParOldGen       total 44032K, used 1642K [0x00000000a0000000, 0x00000000a2b00000, 0x00000000e0000000)
  object space 44032K, 3% used [0x00000000a0000000,0x00000000a019a8c0,0x00000000a2b00000)
 Metaspace       used 7086K, capacity 7284K, committed 7424K, reserved 1056768K
  class space    used 874K, capacity 920K, committed 1024K, reserved 1048576K
}
Event: 1.949 GC heap before
{Heap before GC invocations=4 (full 0):
 PSYoungGen      total 18944K, used 17593K [0x00000000e0000000, 0x00000000e1500000, 0x0000000100000000)
  eden space 16384K, 91% used [0x00000000e0000000,0x00000000e0eb3fd8,0x00000000e1000000)
  from space 2560K, 99% used [0x00000000e1000000,0x00000000e127a610,0x00000000e1280000)
  to   space 2560K, 0% used [0x00000000e1280000,0x00000000e1280000,0x00000000e1500000)
 ParOldGen       total 44032K, used 1642K [0x00000000a0000000, 0x00000000a2b00000, 0x00000000e0000000)
  object space 44032K, 3% used [0x00000000a0000000,0x00000000a019a8c0,0x00000000a2b00000)
 Metaspace       used 9237K, capacity 9512K, committed 9600K, reserved 1060864K
  class space    used 1234K, capacity 1360K, committed 1408K, reserved 1048576K
Event: 1.968 GC heap after
Heap after GC invocations=4 (full 0):
 PSYoungGen      total 18944K, used 2553K [0x00000000e0000000, 0x00000000e1500000, 0x0000000100000000)
  eden space 16384K, 0% used [0x00000000e0000000,0x00000000e0000000,0x00000000e1000000)
  from space 2560K, 99% used [0x00000000e1280000,0x00000000e14fe620,0x00000000e1500000)
  to   space 2560K, 0% used [0x00000000e1000000,0x00000000e1000000,0x00000000e1280000)
 ParOldGen       total 44032K, used 3511K [0x00000000a0000000, 0x00000000a2b00000, 0x00000000e0000000)
  object space 44032K, 7% used [0x00000000a0000000,0x00000000a036dcd0,0x00000000a2b00000)
 Metaspace       used 9237K, capacity 9512K, committed 9600K, reserved 1060864K
  class space    used 1234K, capacity 1360K, committed 1408K, reserved 1048576K
}
Event: 1.968 GC heap before
{Heap before GC invocations=5 (full 1):
 PSYoungGen      total 18944K, used 2553K [0x00000000e0000000, 0x00000000e1500000, 0x0000000100000000)
  eden space 16384K, 0% used [0x00000000e0000000,0x00000000e0000000,0x00000000e1000000)
  from space 2560K, 99% used [0x00000000e1280000,0x00000000e14fe620,0x00000000e1500000)
  to   space 2560K, 0% used [0x00000000e1000000,0x00000000e1000000,0x00000000e1280000)
 ParOldGen       total 44032K, used 3511K [0x00000000a0000000, 0x00000000a2b00000, 0x00000000e0000000)
  object space 44032K, 7% used [0x00000000a0000000,0x00000000a036dcd0,0x00000000a2b00000)
 Metaspace       used 9237K, capacity 9512K, committed 9600K, reserved 1060864K
  class space    used 1234K, capacity 1360K, committed 1408K, reserved 1048576K
Event: 2.015 GC heap after
Heap after GC invocations=5 (full 1):
 PSYoungGen      total 18944K, used 0K [0x00000000e0000000, 0x00000000e1500000, 0x0000000100000000)
  eden space 16384K, 0% used [0x00000000e0000000,0x00000000e0000000,0x00000000e1000000)
  from space 2560K, 0% used [0x00000000e1280000,0x00000000e1280000,0x00000000e1500000)
  to   space 2560K, 0% used [0x00000000e1000000,0x00000000e1000000,0x00000000e1280000)
 ParOldGen       total 31744K, used 4368K [0x00000000a0000000, 0x00000000a1f00000, 0x00000000e0000000)
  object space 31744K, 13% used [0x00000000a0000000,0x00000000a04442e8,0x00000000a1f00000)
 Metaspace       used 9237K, capacity 9512K, committed 9600K, reserved 1058816K
  class space    used 1234K, capacity 1360K, committed 1408K, reserved 1048576K
}
Event: 3.578 GC heap before
{Heap before GC invocations=6 (full 1):
 PSYoungGen      total 18944K, used 16384K [0x00000000e0000000, 0x00000000e1500000, 0x0000000100000000)
  eden space 16384K, 100% used [0x00000000e0000000,0x00000000e1000000,0x00000000e1000000)
  from space 2560K, 0% used [0x00000000e1280000,0x00000000e1280000,0x00000000e1500000)
  to   space 2560K, 0% used [0x00000000e1000000,0x00000000e1000000,0x00000000e1280000)
 ParOldGen       total 31744K, used 4368K [0x00000000a0000000, 0x00000000a1f00000, 0x00000000e0000000)
  object space 31744K, 13% used [0x00000000a0000000,0x00000000a04442e8,0x00000000a1f00000)
 Metaspace       used 12222K, capacity 12638K, committed 12928K, reserved 1060864K
  class space    used 1661K, capacity 1805K, committed 1920K, reserved 1048576K
Event: 3.583 GC heap after
Heap after GC invocations=6 (full 1):
 PSYoungGen      total 18944K, used 2195K [0x00000000e0000000, 0x00000000e1f80000, 0x0000000100000000)
  eden space 16384K, 0% used [0x00000000e0000000,0x00000000e0000000,0x00000000e1000000)
  from space 2560K, 85% used [0x00000000e1000000,0x00000000e1224f50,0x00000000e1280000)
  to   space 4608K, 0% used [0x00000000e1b00000,0x00000000e1b00000,0x00000000e1f80000)
 ParOldGen       total 31744K, used 4376K [0x00000000a0000000, 0x00000000a1f00000, 0x00000000e0000000)
  object space 31744K, 13% used [0x00000000a0000000,0x00000000a04462e8,0x00000000a1f00000)
 Metaspace       used 12222K, capacity 12638K, committed 12928K, reserved 1060864K
  class space    used 1661K, capacity 1805K, committed 1920K, reserved 1048576K
}
Event: 3.838 GC heap before
{Heap before GC invocations=7 (full 1):
 PSYoungGen      total 18944K, used 18579K [0x00000000e0000000, 0x00000000e1f80000, 0x0000000100000000)
  eden space 16384K, 100% used [0x00000000e0000000,0x00000000e1000000,0x00000000e1000000)
  from space 2560K, 85% used [0x00000000e1000000,0x00000000e1224f50,0x00000000e1280000)
  to   space 4608K, 0% used [0x00000000e1b00000,0x00000000e1b00000,0x00000000e1f80000)
 ParOldGen       total 31744K, used 4376K [0x00000000a0000000, 0x00000000a1f00000, 0x00000000e0000000)
  object space 31744K, 13% used [0x00000000a0000000,0x00000000a04462e8,0x00000000a1f00000)
 Metaspace       used 13634K, capacity 13990K, committed 14208K, reserved 1060864K
  class space    used 1913K, capacity 2065K, committed 2176K, reserved 1048576K
Event: 3.842 GC heap after
Heap after GC invocations=7 (full 1):
 PSYoungGen      total 27648K, used 3093K [0x00000000e0000000, 0x00000000e1f80000, 0x0000000100000000)
  eden space 23040K, 0% used [0x00000000e0000000,0x00000000e0000000,0x00000000e1680000)
  from space 4608K, 67% used [0x00000000e1b00000,0x00000000e1e057a8,0x00000000e1f80000)
  to   space 4608K, 0% used [0x00000000e1680000,0x00000000e1680000,0x00000000e1b00000)
 ParOldGen       total 31744K, used 4384K [0x00000000a0000000, 0x00000000a1f00000, 0x00000000e0000000)
  object space 31744K, 13% used [0x00000000a0000000,0x00000000a04482e8,0x00000000a1f00000)
 Metaspace       used 13634K, capacity 13990K, committed 14208K, reserved 1060864K
  class space    used 1913K, capacity 2065K, committed 2176K, reserved 1048576K
}

